TN:
SF:C:\Users\GammaNu\gitWorkspace\social-viz\staticApp\MonitoredStruct.js
FN:8,MonitoredStruct
FN:18,(anonymous_2)
FN:33,structureEventName
FN:37,unOverwritableGlobalConst
FNF:4
FNH:4
FNDA:15,MonitoredStruct
FNDA:1,(anonymous_2)
FNDA:16,structureEventName
FNDA:1,unOverwritableGlobalConst
DA:1,1
DA:5,1
DA:6,1
DA:8,1
DA:9,15
DA:10,15
DA:11,15
DA:13,15
DA:14,14
DA:15,15
DA:16,15
DA:19,1
DA:20,1
DA:23,15
DA:24,15
DA:25,11
DA:26,6
DA:27,5
DA:29,15
DA:30,15
DA:33,1
DA:34,48
DA:37,1
DA:38,1
DA:41,1
LF:25
LH:25
BRDA:9,1,0,7
BRDA:9,1,1,8
BRDA:13,2,0,1
BRDA:13,2,1,14
BRDA:24,3,0,11
BRDA:24,3,1,0
BRDA:25,4,0,6
BRDA:25,4,1,5
BRF:8
BRH:7
end_of_record
TN:
SF:C:\Users\GammaNu\gitWorkspace\social-viz\staticApp\smartEvents.js
FN:4,send
FN:9,on
FN:23,callbackOrEventSender
FN:29,eventId
FN:33,build_fragmentListener
FN:37,build_fragmentDestroyer
FN:41,build_fragmentActionFunc
FN:45,sendFragmentedEvents
FN:51,fragmentAndApply
FNF:9
FNH:9
FNDA:33,send
FNDA:33,on
FNDA:127,callbackOrEventSender
FNDA:33,eventId
FNDA:33,build_fragmentListener
FNDA:33,build_fragmentDestroyer
FNDA:66,build_fragmentActionFunc
FNDA:33,sendFragmentedEvents
FNDA:71,fragmentAndApply
DA:1,1
DA:2,1
DA:4,1
DA:5,33
DA:6,33
DA:9,1
DA:10,33
DA:11,33
DA:12,256
DA:13,255
DA:14,122
DA:15,122
DA:18,33
DA:19,33
DA:20,33
DA:23,1
DA:24,127
DA:25,125
DA:26,1
DA:29,1
DA:30,33
DA:33,1
DA:34,33
DA:37,1
DA:38,33
DA:41,1
DA:42,66
DA:45,1
DA:46,33
DA:47,58
DA:51,1
DA:52,71
DA:55,1
LF:33
LH:33
BRDA:12,1,0,1
BRDA:12,1,1,255
BRDA:13,2,0,122
BRDA:13,2,1,133
BRDA:13,3,0,255
BRDA:13,3,1,214
BRDA:24,4,0,2
BRDA:24,4,1,125
BRDA:25,5,0,124
BRDA:25,5,1,1
BRF:10
BRH:10
end_of_record
TN:
SF:C:\Users\GammaNu\gitWorkspace\social-viz\staticApp\configLoader.js
FN:13,(anonymous_1)
FN:18,init
FN:22,listenerInit
FN:30,initUrlHashStore
FN:34,completeConfigWithUrlHashStore
FN:39,storeConfig
FN:41,setConfig
FN:44,getConfig
FNF:8
FNH:1
FNDA:1,(anonymous_1)
FNDA:0,init
FNDA:0,listenerInit
FNDA:0,initUrlHashStore
FNDA:0,completeConfigWithUrlHashStore
FNDA:0,storeConfig
FNDA:0,setConfig
FNDA:0,getConfig
DA:1,1
DA:5,1
DA:6,1
DA:13,1
DA:15,1
DA:16,1
DA:17,1
DA:18,1
DA:19,0
DA:20,0
DA:22,1
DA:23,0
DA:24,0
DA:25,0
DA:26,0
DA:27,0
DA:28,0
DA:30,1
DA:31,0
DA:32,0
DA:34,1
DA:35,0
DA:36,0
DA:37,0
DA:39,1
DA:41,1
DA:42,0
DA:44,1
DA:45,0
DA:47,1
DA:52,1
DA:53,0
DA:54,0
DA:56,1
LF:34
LH:17
BRDA:52,1,0,0
BRDA:52,1,1,1
BRDA:52,2,0,1
BRDA:52,2,1,0
BRDA:56,3,0,1
BRDA:56,3,1,0
BRF:6
BRH:3
end_of_record
TN:
SF:C:\Users\GammaNu\gitWorkspace\social-viz\staticApp\fps.js
FN:3,(anonymous_1)
FN:9,tick
FN:13,fpsCalc
FN:15,(anonymous_4)
FN:21,fpsRefresh
FN:27,multiTimeout
FNF:6
FNH:1
FNDA:1,(anonymous_1)
FNDA:0,tick
FNDA:0,fpsCalc
FNDA:0,(anonymous_4)
FNDA:0,fpsRefresh
FNDA:0,multiTimeout
DA:1,1
DA:2,1
DA:3,1
DA:6,1
DA:7,1
DA:9,1
DA:10,0
DA:13,1
DA:14,0
DA:15,0
DA:16,0
DA:18,0
DA:21,1
DA:22,0
DA:23,0
DA:26,1
DA:27,1
DA:28,0
DA:31,1
DA:37,1
DA:38,0
DA:39,0
DA:41,1
LF:23
LH:13
BRDA:23,1,0,0
BRDA:23,1,1,0
BRDA:37,2,0,0
BRDA:37,2,1,1
BRDA:37,3,0,1
BRDA:37,3,1,0
BRDA:41,4,0,1
BRDA:41,4,1,0
BRF:8
BRH:3
end_of_record
TN:
SF:C:\Users\GammaNu\gitWorkspace\social-viz\staticApp\graph.js
FN:9,(anonymous_1)
FN:13,(anonymous_2)
FN:38,updateSvgArea
FN:66,(anonymous_4)
FN:73,(anonymous_5)
FN:81,(anonymous_6)
FN:92,(anonymous_7)
FN:105,(anonymous_8)
FN:117,(anonymous_9)
FN:121,(anonymous_10)
FN:125,(anonymous_11)
FN:128,(anonymous_12)
FN:132,(anonymous_13)
FN:135,(anonymous_14)
FN:138,(anonymous_15)
FN:141,(anonymous_16)
FN:144,(anonymous_17)
FN:151,(anonymous_18)
FN:154,(anonymous_19)
FN:158,(anonymous_20)
FN:163,ticked
FN:165,(anonymous_22)
FN:179,(anonymous_23)
FN:182,(anonymous_24)
FN:185,(anonymous_25)
FN:188,(anonymous_26)
FN:196,(anonymous_27)
FN:202,strength
FN:205,(anonymous_29)
FN:213,zoomed
FN:224,dragstarted
FN:235,dragged
FN:246,dragended
FN:263,dblclick
FN:274,applyFixedNode
FN:287,agitationTemporaire
FN:289,(anonymous_37)
FN:294,updateSelection
FN:295,(anonymous_39)
FN:299,(anonymous_40)
FN:307,updateDetails
FN:317,renderDetails
FN:322,renderNodeDetails
FN:332,updateCenterForce
FN:337,computeNodesDegree
FN:345,updateZoom
FN:352,d3X2CenterRatioX
FN:356,d3Y2CenterRatioY
FN:361,centerRatioX2D3X
FN:365,centerRatioY2D3Y
FN:369,round
FN:375,regularPolygon
FN:387,points2Path
FN:389,(anonymous_54)
FN:392,(anonymous_55)
FNF:55
FNH:1
FNDA:1,(anonymous_1)
FNDA:0,(anonymous_2)
FNDA:0,updateSvgArea
FNDA:0,(anonymous_4)
FNDA:0,(anonymous_5)
FNDA:0,(anonymous_6)
FNDA:0,(anonymous_7)
FNDA:0,(anonymous_8)
FNDA:0,(anonymous_9)
FNDA:0,(anonymous_10)
FNDA:0,(anonymous_11)
FNDA:0,(anonymous_12)
FNDA:0,(anonymous_13)
FNDA:0,(anonymous_14)
FNDA:0,(anonymous_15)
FNDA:0,(anonymous_16)
FNDA:0,(anonymous_17)
FNDA:0,(anonymous_18)
FNDA:0,(anonymous_19)
FNDA:0,(anonymous_20)
FNDA:0,ticked
FNDA:0,(anonymous_22)
FNDA:0,(anonymous_23)
FNDA:0,(anonymous_24)
FNDA:0,(anonymous_25)
FNDA:0,(anonymous_26)
FNDA:0,(anonymous_27)
FNDA:0,strength
FNDA:0,(anonymous_29)
FNDA:0,zoomed
FNDA:0,dragstarted
FNDA:0,dragged
FNDA:0,dragended
FNDA:0,dblclick
FNDA:0,applyFixedNode
FNDA:0,agitationTemporaire
FNDA:0,(anonymous_37)
FNDA:0,updateSelection
FNDA:0,(anonymous_39)
FNDA:0,(anonymous_40)
FNDA:0,updateDetails
FNDA:0,renderDetails
FNDA:0,renderNodeDetails
FNDA:0,updateCenterForce
FNDA:0,computeNodesDegree
FNDA:0,updateZoom
FNDA:0,d3X2CenterRatioX
FNDA:0,d3Y2CenterRatioY
FNDA:0,centerRatioX2D3X
FNDA:0,centerRatioY2D3Y
FNDA:0,round
FNDA:0,regularPolygon
FNDA:0,points2Path
FNDA:0,(anonymous_54)
FNDA:0,(anonymous_55)
DA:1,1
DA:2,1
DA:9,1
DA:11,1
DA:12,1
DA:13,1
DA:14,0
DA:15,0
DA:16,0
DA:20,0
DA:23,0
DA:25,0
DA:26,0
DA:30,0
DA:38,1
DA:39,0
DA:42,0
DA:43,0
DA:44,0
DA:45,0
DA:46,0
DA:47,0
DA:48,0
DA:49,0
DA:50,0
DA:53,0
DA:54,0
DA:56,0
DA:58,0
DA:64,0
DA:66,0
DA:67,0
DA:68,0
DA:69,0
DA:74,0
DA:79,0
DA:80,0
DA:82,0
DA:86,0
DA:91,0
DA:93,0
DA:98,0
DA:104,0
DA:106,0
DA:115,0
DA:118,0
DA:122,0
DA:124,0
DA:126,0
DA:129,0
DA:131,0
DA:133,0
DA:136,0
DA:139,0
DA:142,0
DA:145,0
DA:148,0
DA:152,0
DA:155,0
DA:157,0
DA:159,0
DA:163,1
DA:164,0
DA:166,0
DA:167,0
DA:169,0
DA:170,0
DA:171,0
DA:172,0
DA:173,0
DA:174,0
DA:176,0
DA:178,0
DA:180,0
DA:183,0
DA:186,0
DA:189,0
DA:192,0
DA:195,0
DA:197,0
DA:201,0
DA:203,0
DA:206,0
DA:207,0
DA:210,0
DA:211,0
DA:213,1
DA:214,0
DA:219,0
DA:220,0
DA:221,0
DA:224,1
DA:225,0
DA:226,0
DA:227,0
DA:228,0
DA:229,0
DA:230,0
DA:231,0
DA:232,0
DA:235,1
DA:237,0
DA:238,0
DA:239,0
DA:241,0
DA:242,0
DA:246,1
DA:247,0
DA:248,0
DA:249,0
DA:250,0
DA:251,0
DA:255,0
DA:256,0
DA:258,0
DA:259,0
DA:260,0
DA:263,1
DA:264,0
DA:265,0
DA:266,0
DA:267,0
DA:268,0
DA:269,0
DA:270,0
DA:271,0
DA:274,1
DA:275,0
DA:276,0
DA:277,0
DA:278,0
DA:279,0
DA:280,0
DA:281,0
DA:282,0
DA:284,0
DA:287,1
DA:288,0
DA:289,0
DA:290,0
DA:294,1
DA:295,0
DA:296,0
DA:298,0
DA:299,0
DA:300,0
DA:303,0
DA:306,0
DA:307,1
DA:308,0
DA:309,0
DA:310,0
DA:311,0
DA:312,0
DA:313,0
DA:317,1
DA:318,0
DA:319,0
DA:322,1
DA:323,0
DA:324,0
DA:325,0
DA:326,0
DA:327,0
DA:329,0
DA:332,1
DA:333,0
DA:334,0
DA:337,1
DA:338,0
DA:339,0
DA:340,0
DA:341,0
DA:345,1
DA:346,0
DA:348,0
DA:352,1
DA:353,0
DA:354,0
DA:356,1
DA:357,0
DA:358,0
DA:361,1
DA:362,0
DA:365,1
DA:366,0
DA:369,1
DA:370,0
DA:371,0
DA:375,1
DA:376,0
DA:377,0
DA:378,0
DA:379,0
DA:384,0
DA:387,1
DA:388,0
DA:390,0
DA:393,0
DA:396,0
DA:400,1
DA:402,1
DA:403,0
DA:404,0
DA:406,1
LF:205
LH:32
BRDA:67,1,0,0
BRDA:67,1,1,0
BRDA:133,2,0,0
BRDA:133,2,1,0
BRDA:166,3,0,0
BRDA:166,3,1,0
BRDA:221,4,0,0
BRDA:221,4,1,0
BRDA:225,5,0,0
BRDA:225,5,1,0
BRDA:229,6,0,0
BRDA:229,6,1,0
BRDA:237,7,0,0
BRDA:237,7,1,0
BRDA:237,8,0,0
BRDA:237,8,1,0
BRDA:238,9,0,0
BRDA:238,9,1,0
BRDA:247,10,0,0
BRDA:247,10,1,0
BRDA:247,11,0,0
BRDA:247,11,1,0
BRDA:250,12,0,0
BRDA:250,12,1,0
BRDA:255,13,0,0
BRDA:255,13,1,0
BRDA:298,14,0,0
BRDA:298,14,1,0
BRDA:310,15,0,0
BRDA:310,15,1,0
BRDA:310,16,0,0
BRDA:310,16,1,0
BRDA:311,17,0,0
BRDA:311,17,1,0
BRDA:312,18,0,0
BRDA:312,18,1,0
BRDA:326,19,0,0
BRDA:326,19,1,0
BRDA:327,20,0,0
BRDA:327,20,1,0
BRDA:333,21,0,0
BRDA:333,21,1,0
BRDA:353,22,0,0
BRDA:353,22,1,0
BRDA:357,23,0,0
BRDA:357,23,1,0
BRDA:370,24,0,0
BRDA:370,24,1,0
BRDA:377,25,0,0
BRDA:377,25,1,0
BRDA:402,26,0,0
BRDA:402,26,1,1
BRDA:402,27,0,1
BRDA:402,27,1,0
BRDA:406,28,0,1
BRDA:406,28,1,0
BRF:56
BRH:3
end_of_record
TN:
SF:C:\Users\GammaNu\gitWorkspace\social-viz\staticApp\languageLoader.js
FN:9,(anonymous_1)
FN:18,applySelectiveClassOnNodes
FN:31,getValidLang
FN:37,initLang
FN:45,updateLangPicker
FN:50,updateLang
FN:69,applyLocalTrad
FN:76,langBrutalSwitch
FN:98,changeLang
FN:102,t
FN:109,activateUserModeTrad
FN:113,renderTradForm
FN:126,loadLocalTrad
FN:131,saveLocalTrad
FN:138,updateSaveTradButton
FNF:15
FNH:1
FNDA:1,(anonymous_1)
FNDA:0,applySelectiveClassOnNodes
FNDA:0,getValidLang
FNDA:0,initLang
FNDA:0,updateLangPicker
FNDA:0,updateLang
FNDA:0,applyLocalTrad
FNDA:0,langBrutalSwitch
FNDA:0,changeLang
FNDA:0,t
FNDA:0,activateUserModeTrad
FNDA:0,renderTradForm
FNDA:0,loadLocalTrad
FNDA:0,saveLocalTrad
FNDA:0,updateSaveTradButton
DA:1,1
DA:2,1
DA:9,1
DA:11,1
DA:13,1
DA:14,1
DA:18,1
DA:19,0
DA:20,0
DA:21,0
DA:22,0
DA:23,0
DA:24,0
DA:25,0
DA:26,0
DA:29,0
DA:31,1
DA:32,0
DA:33,0
DA:34,0
DA:35,0
DA:37,1
DA:38,0
DA:39,0
DA:40,0
DA:41,0
DA:42,0
DA:44,1
DA:45,1
DA:46,0
DA:47,0
DA:49,1
DA:50,1
DA:51,0
DA:53,0
DA:56,0
DA:57,0
DA:61,0
DA:65,0
DA:66,0
DA:69,1
DA:70,0
DA:71,0
DA:72,0
DA:73,0
DA:76,1
DA:77,0
DA:78,0
DA:79,0
DA:80,0
DA:81,0
DA:82,0
DA:83,0
DA:84,0
DA:85,0
DA:87,0
DA:88,0
DA:89,0
DA:90,0
DA:91,0
DA:92,0
DA:98,1
DA:99,0
DA:100,0
DA:102,1
DA:103,0
DA:104,0
DA:105,0
DA:107,0
DA:109,1
DA:110,0
DA:111,0
DA:113,1
DA:114,0
DA:115,0
DA:116,0
DA:118,0
DA:119,0
DA:120,0
DA:121,0
DA:122,0
DA:123,0
DA:126,1
DA:127,0
DA:128,0
DA:131,1
DA:132,0
DA:133,0
DA:134,0
DA:135,0
DA:138,1
DA:139,0
DA:140,0
DA:143,1
DA:149,1
DA:150,0
DA:151,0
DA:153,1
LF:98
LH:25
BRDA:21,1,0,0
BRDA:21,1,1,0
BRDA:23,2,0,0
BRDA:23,2,1,0
BRDA:32,3,0,0
BRDA:32,3,1,0
BRDA:33,4,0,0
BRDA:33,4,1,0
BRDA:34,5,0,0
BRDA:34,5,1,0
BRDA:39,6,0,0
BRDA:39,6,1,0
BRDA:41,7,0,0
BRDA:41,7,1,0
BRDA:56,8,0,0
BRDA:56,8,1,0
BRDA:72,9,0,0
BRDA:72,9,1,0
BRDA:78,10,0,0
BRDA:78,10,1,0
BRDA:82,11,0,0
BRDA:82,11,1,0
BRDA:87,12,0,0
BRDA:87,12,1,0
BRDA:91,13,0,0
BRDA:91,13,1,0
BRDA:92,14,0,0
BRDA:92,14,1,0
BRDA:103,15,0,0
BRDA:103,15,1,0
BRDA:128,16,0,0
BRDA:128,16,1,0
BRDA:149,17,0,0
BRDA:149,17,1,1
BRDA:149,18,0,1
BRDA:149,18,1,0
BRDA:153,19,0,1
BRDA:153,19,1,0
BRF:38
BRH:3
end_of_record
TN:
SF:C:\Users\GammaNu\gitWorkspace\social-viz\staticApp\structManipulation.js
FN:3,(anonymous_1)
FN:6,clone
FN:10,merge
FN:21,mergeInOrder
FN:30,isEmpty
FN:36,cleanJson
FN:50,removeDefault
FNF:7
FNH:7
FNDA:1,(anonymous_1)
FNDA:28,clone
FNDA:6,merge
FNDA:1,mergeInOrder
FNDA:15,isEmpty
FNDA:21,cleanJson
FNDA:7,removeDefault
DA:1,1
DA:2,1
DA:3,1
DA:6,1
DA:7,28
DA:10,1
DA:11,6
DA:12,6
DA:13,13
DA:14,1
DA:16,12
DA:18,6
DA:21,1
DA:22,1
DA:23,1
DA:24,3
DA:25,3
DA:27,1
DA:30,1
DA:31,15
DA:32,15
DA:33,9
DA:36,1
DA:37,21
DA:38,6
DA:39,7
DA:40,7
DA:43,15
DA:44,8
DA:45,8
DA:47,21
DA:50,1
DA:51,7
DA:52,7
DA:53,10
DA:54,4
DA:55,4
DA:57,10
DA:59,7
DA:62,1
DA:70,1
DA:71,0
DA:72,0
DA:74,1
LF:44
LH:42
BRDA:13,1,0,1
BRDA:13,1,1,12
BRDA:13,2,0,13
BRDA:13,2,1,1
BRDA:25,3,0,3
BRDA:25,3,1,0
BRDA:31,4,0,0
BRDA:31,4,1,15
BRDA:32,5,0,6
BRDA:32,5,1,9
BRDA:33,6,0,9
BRDA:33,6,1,3
BRDA:37,7,0,6
BRDA:37,7,1,15
BRDA:39,8,0,7
BRDA:39,8,1,0
BRDA:40,9,0,6
BRDA:40,9,1,1
BRDA:44,10,0,2
BRDA:44,10,1,6
BRDA:45,11,0,2
BRDA:45,11,1,6
BRDA:53,12,0,4
BRDA:53,12,1,6
BRDA:53,13,0,10
BRDA:53,13,1,4
BRDA:57,14,0,4
BRDA:57,14,1,6
BRDA:70,15,0,0
BRDA:70,15,1,1
BRDA:70,16,0,1
BRDA:70,16,1,0
BRDA:74,17,0,1
BRDA:74,17,1,0
BRF:34
BRH:28
end_of_record
TN:
SF:C:\Users\GammaNu\gitWorkspace\social-viz\staticApp\urlHashStore.js
FN:5,(anonymous_1)
FN:8,Url
FN:13,pushInHash
FN:17,replaceHash
FN:21,jsonFromHash
FN:26,load
FN:29,save
FNF:7
FNH:1
FNDA:1,(anonymous_1)
FNDA:0,Url
FNDA:0,pushInHash
FNDA:0,replaceHash
FNDA:0,jsonFromHash
FNDA:0,load
FNDA:0,save
DA:1,1
DA:2,1
DA:5,1
DA:8,1
DA:10,0
DA:13,0
DA:14,0
DA:15,0
DA:17,0
DA:18,0
DA:19,0
DA:21,0
DA:22,0
DA:26,0
DA:27,0
DA:29,0
DA:30,0
DA:31,0
DA:32,0
DA:33,0
DA:37,1
DA:41,1
DA:42,0
DA:43,0
DA:46,1
LF:25
LH:7
BRDA:22,1,0,0
BRDA:22,1,1,0
BRDA:32,2,0,0
BRDA:32,2,1,0
BRDA:41,3,0,0
BRDA:41,3,1,1
BRDA:41,4,0,1
BRDA:41,4,1,0
BRDA:46,5,0,1
BRDA:46,5,1,0
BRF:10
BRH:3
end_of_record
TN:
SF:C:\Users\GammaNu\gitWorkspace\social-viz\staticApp\userInterface.js
FN:8,(anonymous_1)
FN:11,init
FN:14,listenerInit
FN:20,render
FN:24,expandPanel
FN:25,reducePanel
FN:26,slidePanel
FN:33,updatePanels
FN:46,initUI
FN:52,(anonymous_10)
FN:58,(anonymous_11)
FN:64,(anonymous_12)
FN:67,(anonymous_13)
FN:71,(anonymous_14)
FN:75,partialHideNotConcerned
FN:79,unhideAll
FNF:16
FNH:1
FNDA:1,(anonymous_1)
FNDA:0,init
FNDA:0,listenerInit
FNDA:0,render
FNDA:0,expandPanel
FNDA:0,reducePanel
FNDA:0,slidePanel
FNDA:0,updatePanels
FNDA:0,initUI
FNDA:0,(anonymous_10)
FNDA:0,(anonymous_11)
FNDA:0,(anonymous_12)
FNDA:0,(anonymous_13)
FNDA:0,(anonymous_14)
FNDA:0,partialHideNotConcerned
FNDA:0,unhideAll
DA:1,1
DA:2,1
DA:8,1
DA:10,1
DA:11,1
DA:12,0
DA:14,1
DA:15,0
DA:16,0
DA:17,0
DA:18,0
DA:20,1
DA:21,1
DA:22,1
DA:24,1
DA:25,1
DA:26,1
DA:28,0
DA:29,0
DA:33,1
DA:34,0
DA:35,0
DA:36,0
DA:37,0
DA:38,0
DA:39,0
DA:40,0
DA:43,0
DA:46,1
DA:48,0
DA:49,0
DA:53,0
DA:56,0
DA:59,0
DA:62,0
DA:65,0
DA:68,0
DA:71,0
DA:72,0
DA:75,1
DA:76,0
DA:77,0
DA:79,1
DA:80,0
DA:83,1
DA:85,1
DA:86,0
DA:87,0
DA:89,1
LF:49
LH:19
BRDA:38,1,0,0
BRDA:38,1,1,0
BRDA:43,2,0,0
BRDA:43,2,1,0
BRDA:85,3,0,0
BRDA:85,3,1,1
BRDA:85,4,0,1
BRDA:85,4,1,0
BRDA:89,5,0,1
BRDA:89,5,1,0
BRF:10
BRH:3
end_of_record
TN:
SF:C:\Users\GammaNu\gitWorkspace\social-viz\staticApp\ymlTools.js
FN:7,(anonymous_1)
FN:11,loadMerge
FN:19,multiLoad
FN:25,load
FN:32,convert
FN:39,buildFunc_isInWhiteList
FN:43,buildFunc_aggregateYmlOnFileName
FN:47,buildFunc_aggregateLengthTrigger
FN:51,eventAggregator
FN:53,(anonymous_10)
FNF:10
FNH:5
FNDA:1,(anonymous_1)
FNDA:0,loadMerge
FNDA:0,multiLoad
FNDA:0,load
FNDA:1,convert
FNDA:0,buildFunc_isInWhiteList
FNDA:0,buildFunc_aggregateYmlOnFileName
FNDA:2,buildFunc_aggregateLengthTrigger
FNDA:1,eventAggregator
FNDA:3,(anonymous_10)
DA:1,1
DA:2,1
DA:7,1
DA:9,1
DA:11,1
DA:12,0
DA:15,0
DA:16,0
DA:19,1
DA:20,0
DA:21,0
DA:25,1
DA:26,0
DA:27,0
DA:28,0
DA:31,1
DA:32,1
DA:33,1
DA:39,1
DA:40,0
DA:43,1
DA:44,0
DA:47,1
DA:48,2
DA:51,1
DA:52,1
DA:53,1
DA:54,3
DA:55,3
DA:56,1
DA:57,1
DA:62,1
DA:71,1
DA:72,0
DA:73,0
DA:76,1
LF:36
LH:24
BRDA:44,1,0,0
BRDA:44,1,1,0
BRDA:55,2,0,1
BRDA:55,2,1,2
BRDA:71,3,0,0
BRDA:71,3,1,1
BRDA:71,4,0,1
BRDA:71,4,1,0
BRDA:76,5,0,1
BRDA:76,5,1,0
BRF:10
BRH:5
end_of_record
